Performing C SOURCE FILE Test CMAKE_HAVE_LIBC_PTHREAD failed with the following output:
Change Dir: /home/vagrant/projects/try-workflow/CMakeFiles/CMakeTmp

Run Build Command(s):/usr/bin/make cmTC_f52cb/fast && /usr/bin/make -f CMakeFiles/cmTC_f52cb.dir/build.make CMakeFiles/cmTC_f52cb.dir/build
make[1]: Entering directory '/home/vagrant/projects/try-workflow/CMakeFiles/CMakeTmp'
Building C object CMakeFiles/cmTC_f52cb.dir/src.c.o
/usr/bin/cc   -DCMAKE_HAVE_LIBC_PTHREAD   -o CMakeFiles/cmTC_f52cb.dir/src.c.o   -c /home/vagrant/projects/try-workflow/CMakeFiles/CMakeTmp/src.c
Linking C executable cmTC_f52cb
/usr/bin/cmake -E cmake_link_script CMakeFiles/cmTC_f52cb.dir/link.txt --verbose=1
/usr/bin/cc  -DCMAKE_HAVE_LIBC_PTHREAD    CMakeFiles/cmTC_f52cb.dir/src.c.o  -o cmTC_f52cb 
/usr/bin/ld: CMakeFiles/cmTC_f52cb.dir/src.c.o: in function `main':
src.c:(.text+0x35): undefined reference to `pthread_create'
/usr/bin/ld: src.c:(.text+0x41): undefined reference to `pthread_detach'
/usr/bin/ld: src.c:(.text+0x53): undefined reference to `pthread_join'
clang: error: linker command failed with exit code 1 (use -v to see invocation)
make[1]: *** [CMakeFiles/cmTC_f52cb.dir/build.make:87: cmTC_f52cb] Error 1
make[1]: Leaving directory '/home/vagrant/projects/try-workflow/CMakeFiles/CMakeTmp'
make: *** [Makefile:121: cmTC_f52cb/fast] Error 2


Source file was:
#include <pthread.h>

void* test_func(void* data)
{
  return data;
}

int main(void)
{
  pthread_t thread;
  pthread_create(&thread, NULL, test_func, NULL);
  pthread_detach(thread);
  pthread_join(thread, NULL);
  pthread_atfork(NULL, NULL, NULL);
  pthread_exit(NULL);

  return 0;
}

Determining if the function pthread_create exists in the pthreads failed with the following output:
Change Dir: /home/vagrant/projects/try-workflow/CMakeFiles/CMakeTmp

Run Build Command(s):/usr/bin/make cmTC_bf119/fast && /usr/bin/make -f CMakeFiles/cmTC_bf119.dir/build.make CMakeFiles/cmTC_bf119.dir/build
make[1]: Entering directory '/home/vagrant/projects/try-workflow/CMakeFiles/CMakeTmp'
Building C object CMakeFiles/cmTC_bf119.dir/CheckFunctionExists.c.o
/usr/bin/cc   -DCHECK_FUNCTION_EXISTS=pthread_create   -o CMakeFiles/cmTC_bf119.dir/CheckFunctionExists.c.o   -c /usr/share/cmake-3.16/Modules/CheckFunctionExists.c
Linking C executable cmTC_bf119
/usr/bin/cmake -E cmake_link_script CMakeFiles/cmTC_bf119.dir/link.txt --verbose=1
/usr/bin/cc  -DCHECK_FUNCTION_EXISTS=pthread_create    CMakeFiles/cmTC_bf119.dir/CheckFunctionExists.c.o  -o cmTC_bf119  -lpthreads 
/usr/bin/ld: cannot find -lpthreads
clang: error: linker command failed with exit code 1 (use -v to see invocation)
make[1]: *** [CMakeFiles/cmTC_bf119.dir/build.make:87: cmTC_bf119] Error 1
make[1]: Leaving directory '/home/vagrant/projects/try-workflow/CMakeFiles/CMakeTmp'
make: *** [Makefile:121: cmTC_bf119/fast] Error 2



